
*** Running vivado
    with args -log datapath_alu_control_0_0.vds -m64 -product Vivado -mode batch -messageDb vivado.pb -notrace -source datapath_alu_control_0_0.tcl


****** Vivado v2018.3 (64-bit)
  **** SW Build 2405991 on Thu Dec  6 23:36:41 MST 2018
  **** IP Build 2404404 on Fri Dec  7 01:43:56 MST 2018
    ** Copyright 1986-2018 Xilinx, Inc. All Rights Reserved.

source datapath_alu_control_0_0.tcl -notrace
Command: synth_design -top datapath_alu_control_0_0 -part xc7a35tcpg236-1 -mode out_of_context
Starting synth_design
Attempting to get a license for feature 'Synthesis' and/or device 'xc7a35t'
INFO: [Common 17-349] Got license for feature 'Synthesis' and/or device 'xc7a35t'
INFO: Launching helper process for spawning children vivado processes
INFO: Helper process launched with PID 22511 
---------------------------------------------------------------------------------
Starting Synthesize : Time (s): cpu = 00:00:02 ; elapsed = 00:00:02 . Memory (MB): peak = 1393.898 ; gain = 87.906 ; free physical = 2719 ; free virtual = 5197
---------------------------------------------------------------------------------
INFO: [Synth 8-638] synthesizing module 'datapath_alu_control_0_0' [/tools/Xilinx/Vivado/2018.3/bin/lab2/lab2.srcs/sources_1/bd/datapath/ip/datapath_alu_control_0_0/synth/datapath_alu_control_0_0.vhd:63]
INFO: [Synth 8-3491] module 'alu_control' declared at '/tools/Xilinx/Vivado/2018.3/bin/lab2/lab2.srcs/sources_1/new/alu_control.vhd:34' bound to instance 'U0' of component 'alu_control' [/tools/Xilinx/Vivado/2018.3/bin/lab2/lab2.srcs/sources_1/bd/datapath/ip/datapath_alu_control_0_0/synth/datapath_alu_control_0_0.vhd:81]
INFO: [Synth 8-638] synthesizing module 'alu_control' [/tools/Xilinx/Vivado/2018.3/bin/lab2/lab2.srcs/sources_1/new/alu_control.vhd:39]
INFO: [Synth 8-256] done synthesizing module 'alu_control' (1#1) [/tools/Xilinx/Vivado/2018.3/bin/lab2/lab2.srcs/sources_1/new/alu_control.vhd:39]
INFO: [Synth 8-256] done synthesizing module 'datapath_alu_control_0_0' (2#1) [/tools/Xilinx/Vivado/2018.3/bin/lab2/lab2.srcs/sources_1/bd/datapath/ip/datapath_alu_control_0_0/synth/datapath_alu_control_0_0.vhd:63]
---------------------------------------------------------------------------------
Finished Synthesize : Time (s): cpu = 00:00:03 ; elapsed = 00:00:03 . Memory (MB): peak = 1438.648 ; gain = 132.656 ; free physical = 2731 ; free virtual = 5210
---------------------------------------------------------------------------------
---------------------------------------------------------------------------------
Finished Constraint Validation : Time (s): cpu = 00:00:03 ; elapsed = 00:00:03 . Memory (MB): peak = 1438.648 ; gain = 132.656 ; free physical = 2731 ; free virtual = 5211
---------------------------------------------------------------------------------
---------------------------------------------------------------------------------
Start Loading Part and Timing Information
---------------------------------------------------------------------------------
Loading part: xc7a35tcpg236-1
INFO: [Device 21-403] Loading part xc7a35tcpg236-1
---------------------------------------------------------------------------------
Finished Loading Part and Timing Information : Time (s): cpu = 00:00:03 ; elapsed = 00:00:03 . Memory (MB): peak = 1438.648 ; gain = 132.656 ; free physical = 2730 ; free virtual = 5209
---------------------------------------------------------------------------------
INFO: [Synth 8-5587] ROM size for "cntrl" is below threshold of ROM address width. It will be mapped to LUTs
---------------------------------------------------------------------------------
Finished RTL Optimization Phase 2 : Time (s): cpu = 00:00:03 ; elapsed = 00:00:04 . Memory (MB): peak = 1454.664 ; gain = 148.672 ; free physical = 2720 ; free virtual = 5201
---------------------------------------------------------------------------------

Report RTL Partitions: 
+-+--------------+------------+----------+
| |RTL Partition |Replication |Instances |
+-+--------------+------------+----------+
+-+--------------+------------+----------+
No constraint files found.
---------------------------------------------------------------------------------
Start RTL Component Statistics 
---------------------------------------------------------------------------------
Detailed RTL Component Info : 
+---Muxes : 
	   2 Input      4 Bit        Muxes := 1     
---------------------------------------------------------------------------------
Finished RTL Component Statistics 
---------------------------------------------------------------------------------
---------------------------------------------------------------------------------
Start RTL Hierarchical Component Statistics 
---------------------------------------------------------------------------------
Hierarchical RTL Component report 
Module alu_control 
Detailed RTL Component Info : 
+---Muxes : 
	   2 Input      4 Bit        Muxes := 1     
---------------------------------------------------------------------------------
Finished RTL Hierarchical Component Statistics
---------------------------------------------------------------------------------
---------------------------------------------------------------------------------
Start Part Resource Summary
---------------------------------------------------------------------------------
Part Resources:
DSPs: 90 (col length:60)
BRAMs: 100 (col length: RAMB18 60 RAMB36 30)
---------------------------------------------------------------------------------
Finished Part Resource Summary
---------------------------------------------------------------------------------
No constraint files found.
---------------------------------------------------------------------------------
Start Cross Boundary and Area Optimization
---------------------------------------------------------------------------------
Warning: Parallel synthesis criteria is not met 
---------------------------------------------------------------------------------
Finished Cross Boundary and Area Optimization : Time (s): cpu = 00:00:05 ; elapsed = 00:00:06 . Memory (MB): peak = 1553.766 ; gain = 247.773 ; free physical = 2549 ; free virtual = 5050
---------------------------------------------------------------------------------

Report RTL Partitions: 
+-+--------------+------------+----------+
| |RTL Partition |Replication |Instances |
+-+--------------+------------+----------+
+-+--------------+------------+----------+
No constraint files found.
---------------------------------------------------------------------------------
Start Timing Optimization
---------------------------------------------------------------------------------
---------------------------------------------------------------------------------
Finished Timing Optimization : Time (s): cpu = 00:00:05 ; elapsed = 00:00:06 . Memory (MB): peak = 1553.766 ; gain = 247.773 ; free physical = 2549 ; free virtual = 5050
---------------------------------------------------------------------------------

Report RTL Partitions: 
+-+--------------+------------+----------+
| |RTL Partition |Replication |Instances |
+-+--------------+------------+----------+
+-+--------------+------------+----------+
---------------------------------------------------------------------------------
Start Technology Mapping
---------------------------------------------------------------------------------
---------------------------------------------------------------------------------
Finished Technology Mapping : Time (s): cpu = 00:00:05 ; elapsed = 00:00:06 . Memory (MB): peak = 1553.766 ; gain = 247.773 ; free physical = 2548 ; free virtual = 5049
---------------------------------------------------------------------------------

Report RTL Partitions: 
+-+--------------+------------+----------+
| |RTL Partition |Replication |Instances |
+-+--------------+------------+----------+
+-+--------------+------------+----------+
---------------------------------------------------------------------------------
Start IO Insertion
---------------------------------------------------------------------------------
---------------------------------------------------------------------------------
Start Flattening Before IO Insertion
---------------------------------------------------------------------------------
---------------------------------------------------------------------------------
Finished Flattening Before IO Insertion
---------------------------------------------------------------------------------
---------------------------------------------------------------------------------
Start Final Netlist Cleanup
---------------------------------------------------------------------------------
---------------------------------------------------------------------------------
Finished Final Netlist Cleanup
---------------------------------------------------------------------------------
---------------------------------------------------------------------------------
Finished IO Insertion : Time (s): cpu = 00:00:05 ; elapsed = 00:00:07 . Memory (MB): peak = 1553.766 ; gain = 247.773 ; free physical = 2548 ; free virtual = 5049
---------------------------------------------------------------------------------

Report Check Netlist: 
+------+------------------+-------+---------+-------+------------------+
|      |Item              |Errors |Warnings |Status |Description       |
+------+------------------+-------+---------+-------+------------------+
|1     |multi_driven_nets |      0|        0|Passed |Multi driven nets |
+------+------------------+-------+---------+-------+------------------+
---------------------------------------------------------------------------------
Start Renaming Generated Instances
---------------------------------------------------------------------------------
---------------------------------------------------------------------------------
Finished Renaming Generated Instances : Time (s): cpu = 00:00:05 ; elapsed = 00:00:07 . Memory (MB): peak = 1553.766 ; gain = 247.773 ; free physical = 2548 ; free virtual = 5049
---------------------------------------------------------------------------------

Report RTL Partitions: 
+-+--------------+------------+----------+
| |RTL Partition |Replication |Instances |
+-+--------------+------------+----------+
+-+--------------+------------+----------+
---------------------------------------------------------------------------------
Start Rebuilding User Hierarchy
---------------------------------------------------------------------------------
---------------------------------------------------------------------------------
Finished Rebuilding User Hierarchy : Time (s): cpu = 00:00:05 ; elapsed = 00:00:07 . Memory (MB): peak = 1553.766 ; gain = 247.773 ; free physical = 2548 ; free virtual = 5049
---------------------------------------------------------------------------------
---------------------------------------------------------------------------------
Start Renaming Generated Ports
---------------------------------------------------------------------------------
---------------------------------------------------------------------------------
Finished Renaming Generated Ports : Time (s): cpu = 00:00:05 ; elapsed = 00:00:07 . Memory (MB): peak = 1553.766 ; gain = 247.773 ; free physical = 2548 ; free virtual = 5049
---------------------------------------------------------------------------------
---------------------------------------------------------------------------------
Start Handling Custom Attributes
---------------------------------------------------------------------------------
---------------------------------------------------------------------------------
Finished Handling Custom Attributes : Time (s): cpu = 00:00:05 ; elapsed = 00:00:07 . Memory (MB): peak = 1553.766 ; gain = 247.773 ; free physical = 2548 ; free virtual = 5049
---------------------------------------------------------------------------------
---------------------------------------------------------------------------------
Start Renaming Generated Nets
---------------------------------------------------------------------------------
---------------------------------------------------------------------------------
Finished Renaming Generated Nets : Time (s): cpu = 00:00:05 ; elapsed = 00:00:07 . Memory (MB): peak = 1553.766 ; gain = 247.773 ; free physical = 2548 ; free virtual = 5049
---------------------------------------------------------------------------------
---------------------------------------------------------------------------------
Start Writing Synthesis Report
---------------------------------------------------------------------------------

Report BlackBoxes: 
+-+--------------+----------+
| |BlackBox name |Instances |
+-+--------------+----------+
+-+--------------+----------+

Report Cell Usage: 
+------+-----+------+
|      |Cell |Count |
+------+-----+------+
|1     |LUT6 |     4|
+------+-----+------+

Report Instance Areas: 
+------+---------+------------+------+
|      |Instance |Module      |Cells |
+------+---------+------------+------+
|1     |top      |            |     4|
|2     |  U0     |alu_control |     4|
+------+---------+------------+------+
---------------------------------------------------------------------------------
Finished Writing Synthesis Report : Time (s): cpu = 00:00:05 ; elapsed = 00:00:07 . Memory (MB): peak = 1553.766 ; gain = 247.773 ; free physical = 2548 ; free virtual = 5049
---------------------------------------------------------------------------------
Synthesis finished with 0 errors, 0 critical warnings and 0 warnings.
Synthesis Optimization Runtime : Time (s): cpu = 00:00:05 ; elapsed = 00:00:07 . Memory (MB): peak = 1553.766 ; gain = 247.773 ; free physical = 2550 ; free virtual = 5051
Synthesis Optimization Complete : Time (s): cpu = 00:00:05 ; elapsed = 00:00:07 . Memory (MB): peak = 1553.773 ; gain = 247.773 ; free physical = 2550 ; free virtual = 5051
INFO: [Project 1-571] Translating synthesized netlist
INFO: [Project 1-570] Preparing netlist for logic optimization
INFO: [Opt 31-138] Pushed 0 inverter(s) to 0 load pin(s).
Netlist sorting complete. Time (s): cpu = 00:00:00 ; elapsed = 00:00:00.01 . Memory (MB): peak = 1637.781 ; gain = 0.000 ; free physical = 2454 ; free virtual = 4966
INFO: [Project 1-111] Unisim Transformation Summary:
No Unisim elements were transformed.

INFO: [Common 17-83] Releasing license: Synthesis
13 Infos, 0 Warnings, 0 Critical Warnings and 0 Errors encountered.
synth_design completed successfully
synth_design: Time (s): cpu = 00:00:08 ; elapsed = 00:00:08 . Memory (MB): peak = 1637.781 ; gain = 337.609 ; free physical = 2511 ; free virtual = 5022
Netlist sorting complete. Time (s): cpu = 00:00:00 ; elapsed = 00:00:00 . Memory (MB): peak = 1637.781 ; gain = 0.000 ; free physical = 2511 ; free virtual = 5022
WARNING: [Constraints 18-5210] No constraints selected for write.
Resolution: This message can indicate that there are no constraints for the design, or it can indicate that the used_in flags are set such that the constraints are ignored. This later case is used when running synth_design to not write synthesis constraints to the resulting checkpoint. Instead, project constraints are read when the synthesized design is opened.
INFO: [Timing 38-35] Done setting XDC timing constraints.
INFO: [Common 17-1381] The checkpoint '/tools/Xilinx/Vivado/2018.3/bin/lab2/lab2.runs/datapath_alu_control_0_0_synth_1/datapath_alu_control_0_0.dcp' has been generated.
write_checkpoint: Time (s): cpu = 00:00:06 ; elapsed = 00:00:07 . Memory (MB): peak = 2038.309 ; gain = 400.527 ; free physical = 2107 ; free virtual = 4648
Netlist sorting complete. Time (s): cpu = 00:00:00 ; elapsed = 00:00:00 . Memory (MB): peak = 2038.309 ; gain = 0.000 ; free physical = 2105 ; free virtual = 4646
WARNING: [Constraints 18-5210] No constraints selected for write.
Resolution: This message can indicate that there are no constraints for the design, or it can indicate that the used_in flags are set such that the constraints are ignored. This later case is used when running synth_design to not write synthesis constraints to the resulting checkpoint. Instead, project constraints are read when the synthesized design is opened.
INFO: [Common 17-1381] The checkpoint '/tools/Xilinx/Vivado/2018.3/bin/lab2/lab2.runs/datapath_alu_control_0_0_synth_1/datapath_alu_control_0_0.dcp' has been generated.
INFO: [runtcl-4] Executing : report_utilization -file datapath_alu_control_0_0_utilization_synth.rpt -pb datapath_alu_control_0_0_utilization_synth.pb
INFO: [Common 17-206] Exiting Vivado at Thu Feb 13 12:28:28 2020...
